<?xml version="1.0" encoding="UTF-8"?>
<coverage generated="1646927084628" clover="3.2.0">
  <project timestamp="1646927084628" name="All files">
    <metrics statements="12" coveredstatements="8" conditionals="2" coveredconditionals="0" methods="5" coveredmethods="1" elements="19" coveredelements="9" complexity="0" loc="12" ncloc="12" packages="1" files="2" classes="2"/>
    <file name="Button.tsx" path="/home/franklinserif/workspace/kryptokurrency/src/components/Button/Button.tsx">
      <metrics statements="5" coveredstatements="5" conditionals="0" coveredconditionals="0" methods="1" coveredmethods="1"/>
      <line num="1" count="1" type="stmt"/>
      <line num="3" count="1" type="stmt"/>
      <line num="12" count="1" type="stmt"/>
      <line num="13" count="1" type="stmt"/>
      <line num="20" count="1" type="stmt"/>
    </file>
    <file name="button.styled.ts" path="/home/franklinserif/workspace/kryptokurrency/src/components/Button/button.styled.ts">
      <metrics statements="7" coveredstatements="3" conditionals="2" coveredconditionals="0" methods="4" coveredmethods="0"/>
      <line num="1" count="1" type="stmt"/>
      <line num="8" count="1" type="stmt"/>
      <line num="9" count="0" type="stmt"/>
      <line num="10" count="0" type="stmt"/>
      <line num="11" count="0" type="stmt"/>
      <line num="15" count="1" type="stmt"/>
      <line num="16" count="0" type="cond" truecount="0" falsecount="2"/>
    </file>
  </project>
</coverage>
