{"/home/franklinserif/workspace/kryptokurrency/src/components/Button/Button.tsx": {"path":"/home/franklinserif/workspace/kryptokurrency/src/components/Button/Button.tsx","statementMap":{"0":{"start":{"line":1,"column":0},"end":{"line":1,"column":26}},"1":{"start":{"line":3,"column":0},"end":{"line":3,"column":47}},"2":{"start":{"line":12,"column":15},"end":{"line":18,"column":1}},"3":{"start":{"line":13,"column":2},"end":{"line":17,"column":4}},"4":{"start":{"line":20,"column":0},"end":{"line":20,"column":22}}},"fnMap":{"0":{"name":"(anonymous_1)","decl":{"start":{"line":12,"column":15},"end":{"line":12,"column":16}},"loc":{"start":{"line":12,"column":72},"end":{"line":18,"column":1}}}},"branchMap":{},"s":{"0":1,"1":1,"2":1,"3":1,"4":1},"f":{"0":1},"b":{}}
,"/home/franklinserif/workspace/kryptokurrency/src/components/Button/button.styled.ts": {"path":"/home/franklinserif/workspace/kryptokurrency/src/components/Button/button.styled.ts","statementMap":{"0":{"start":{"line":1,"column":0},"end":{"line":1,"column":62}},"1":{"start":{"line":8,"column":22},"end":{"line":13,"column":2}},"2":{"start":{"line":9,"column":33},"end":{"line":9,"column":61}},"3":{"start":{"line":10,"column":26},"end":{"line":10,"column":51}},"4":{"start":{"line":11,"column":22},"end":{"line":11,"column":46}},"5":{"start":{"line":15,"column":13},"end":{"line":17,"column":2}},"6":{"start":{"line":16,"column":15},"end":{"line":16,"column":66}}},"fnMap":{"0":{"name":"(anonymous_6)","decl":{"start":{"line":9,"column":22},"end":{"line":9,"column":23}},"loc":{"start":{"line":9,"column":33},"end":{"line":9,"column":61}}},"1":{"name":"(anonymous_7)","decl":{"start":{"line":10,"column":15},"end":{"line":10,"column":16}},"loc":{"start":{"line":10,"column":26},"end":{"line":10,"column":51}}},"2":{"name":"(anonymous_8)","decl":{"start":{"line":11,"column":11},"end":{"line":11,"column":12}},"loc":{"start":{"line":11,"column":22},"end":{"line":11,"column":46}}},"3":{"name":"(anonymous_9)","decl":{"start":{"line":16,"column":4},"end":{"line":16,"column":5}},"loc":{"start":{"line":16,"column":15},"end":{"line":16,"column":66}}}},"branchMap":{"0":{"loc":{"start":{"line":16,"column":15},"end":{"line":16,"column":66}},"type":"binary-expr","locations":[{"start":{"line":16,"column":15},"end":{"line":16,"column":49}},{"start":{"line":16,"column":53},"end":{"line":16,"column":66}}]}},"s":{"0":1,"1":1,"2":0,"3":0,"4":0,"5":1,"6":0},"f":{"0":0,"1":0,"2":0,"3":0},"b":{"0":[0,0]}}
}
